#
# There is insufficient memory for the Java Runtime Environment to continue.
# Native memory allocation (malloc) failed to allocate 32744 bytes for ChunkPool::allocate
# Possible reasons:
#   The system is out of physical RAM or swap space
#   The process is running with CompressedOops enabled, and the Java Heap may be blocking the growth of the native heap
# Possible solutions:
#   Reduce memory load on the system
#   Increase physical memory or swap space
#   Check if swap backing store is full
#   Decrease Java heap size (-Xmx/-Xms)
#   Decrease number of Java threads
#   Decrease Java thread stack sizes (-Xss)
#   Set larger code cache with -XX:ReservedCodeCacheSize=
#   JVM is running with Unscaled Compressed Oops mode in which the Java heap is
#     placed in the first 4GB address space. The Java Heap base address is the
#     maximum limit for the native heap growth. Please use -XX:HeapBaseMinAddress
#     to set the Java Heap base and to place the Java Heap above 4GB virtual address.
# This output file may be truncated or incomplete.
#
#  Out of Memory Error (arena.cpp:78), pid=6784, tid=11736
#
# JRE version: Java(TM) SE Runtime Environment (17.0.2+8) (build 17.0.2+8-LTS-86)
# Java VM: Java HotSpot(TM) 64-Bit Server VM (17.0.2+8-LTS-86, mixed mode, sharing, tiered, compressed oops, compressed class ptrs, g1 gc, windows-amd64)
# No core dump will be written. Minidumps are not enabled by default on client versions of Windows
#

---------------  S U M M A R Y ------------

Command Line: -javaagent:C:\Program Files\JetBrains\IntelliJ IDEA Community Edition 2021.3.2\lib\idea_rt.jar=13226:C:\Program Files\JetBrains\IntelliJ IDEA Community Edition 2021.3.2\bin -Dfile.encoding=UTF-8 Practice

Host: AMD Ryzen 5 2500U with Radeon Vega Mobile Gfx  , 8 cores, 6G,  Windows 10 , 64 bit Build 19041 (10.0.19041.1706)
Time: Wed Jun 22 20:59:37 2022 India Standard Time elapsed time: 0.113084 seconds (0d 0h 0m 0s)

---------------  T H R E A D  ---------------

Current thread (0x00000166245134f0):  JavaThread "C2 CompilerThread0" daemon [_thread_in_native, id=11736, stack(0x0000002e2a300000,0x0000002e2a400000)]


Current CompileTask:
C2:    113  143       4       java.util.HashMap::putVal (300 bytes)

Stack: [0x0000002e2a300000,0x0000002e2a400000]
Native frames: (J=compiled Java code, j=interpreted, Vv=VM code, C=native code)
V  [jvm.dll+0x670baa]
V  [jvm.dll+0x7cfcb4]
V  [jvm.dll+0x7d145e]
V  [jvm.dll+0x7d1ac3]
V  [jvm.dll+0x242bc5]
V  [jvm.dll+0xaa7c0]
V  [jvm.dll+0xaab0c]
V  [jvm.dll+0x5fd7a0]
V  [jvm.dll+0x5fd936]
V  [jvm.dll+0x6034f7]
V  [jvm.dll+0x604372]
V  [jvm.dll+0x6028d4]
V  [jvm.dll+0x215b08]
V  [jvm.dll+0x2150b1]
V  [jvm.dll+0x1a1bbd]
V  [jvm.dll+0x224908]
V  [jvm.dll+0x222a6c]
V  [jvm.dll+0x7859bb]
V  [jvm.dll+0x77ff7a]
V  [jvm.dll+0x66fa35]
C  [ucrtbase.dll+0x21bb2]
C  [KERNEL32.DLL+0x17034]
C  [ntdll.dll+0x52651]


---------------  P R O C E S S  ---------------

Threads class SMR info:
_java_thread_list=0x0000016625178660, length=13, elements={
0x0000016604e2d590, 0x00000166244eda90, 0x00000166244ee900, 0x00000166244ffc70,
0x0000016624502640, 0x0000016624504f10, 0x0000016624505fe0, 0x00000166245134f0,
0x0000016624515eb0, 0x00000166245167b0, 0x000001662504e170, 0x000001662518b330,
0x000001662518b800
}

Java Threads: ( => current thread )
  0x0000016604e2d590 JavaThread "main" [_thread_in_Java, id=12308, stack(0x0000002e29600000,0x0000002e29700000)]
  0x00000166244eda90 JavaThread "Reference Handler" daemon [_thread_blocked, id=4296, stack(0x0000002e29d00000,0x0000002e29e00000)]
  0x00000166244ee900 JavaThread "Finalizer" daemon [_thread_blocked, id=1444, stack(0x0000002e29e00000,0x0000002e29f00000)]
  0x00000166244ffc70 JavaThread "Signal Dispatcher" daemon [_thread_blocked, id=2536, stack(0x0000002e29f00000,0x0000002e2a000000)]
  0x0000016624502640 JavaThread "Attach Listener" daemon [_thread_blocked, id=9140, stack(0x0000002e2a000000,0x0000002e2a100000)]
  0x0000016624504f10 JavaThread "Service Thread" daemon [_thread_blocked, id=12576, stack(0x0000002e2a100000,0x0000002e2a200000)]
  0x0000016624505fe0 JavaThread "Monitor Deflation Thread" daemon [_thread_blocked, id=1624, stack(0x0000002e2a200000,0x0000002e2a300000)]
=>0x00000166245134f0 JavaThread "C2 CompilerThread0" daemon [_thread_in_native, id=11736, stack(0x0000002e2a300000,0x0000002e2a400000)]
  0x0000016624515eb0 JavaThread "C1 CompilerThread0" daemon [_thread_blocked, id=6100, stack(0x0000002e2a400000,0x0000002e2a500000)]
  0x00000166245167b0 JavaThread "Sweeper thread" daemon [_thread_blocked, id=10848, stack(0x0000002e2a500000,0x0000002e2a600000)]
  0x000001662504e170 JavaThread "Common-Cleaner" daemon [_thread_blocked, id=2564, stack(0x0000002e2a600000,0x0000002e2a700000)]
  0x000001662518b330 JavaThread "Monitor Ctrl-Break" daemon [_thread_in_Java, id=9484, stack(0x0000002e2a700000,0x0000002e2a800000)]
  0x000001662518b800 JavaThread "Notification Thread" daemon [_thread_blocked, id=8864, stack(0x0000002e2a800000,0x0000002e2a900000)]

Other Threads:
  0x00000166244e8dd0 VMThread "VM Thread" [stack: 0x0000002e29c00000,0x0000002e29d00000] [id=12400]
  0x0000016604e82290 WatcherThread [stack: 0x0000002e2a900000,0x0000002e2aa00000] [id=3060]
  0x0000016604e6a370 GCTaskThread "GC Thread#0" [stack: 0x0000002e29700000,0x0000002e29800000] [id=9104]
  0x0000016604e797c0 ConcurrentGCThread "G1 Main Marker" [stack: 0x0000002e29800000,0x0000002e29900000] [id=8088]
  0x0000016604e7a970 ConcurrentGCThread "G1 Conc#0" [stack: 0x0000002e29900000,0x0000002e29a00000] [id=8212]
  0x0000016604ef4e30 ConcurrentGCThread "G1 Refine#0" [stack: 0x0000002e29a00000,0x0000002e29b00000] [id=11240]
  0x0000016604ef5850 ConcurrentGCThread "G1 Service" [stack: 0x0000002e29b00000,0x0000002e29c00000] [id=11572]

Threads with active compile tasks:
C2 CompilerThread0      147  143       4       java.util.HashMap::putVal (300 bytes)
C1 CompilerThread0      148  180       3       java.lang.invoke.MethodType$ConcurrentWeakInternSet::expungeStaleElements (27 bytes)

VM state: not at safepoint (normal execution)

VM Mutex/Monitor currently owned by a thread: None

Heap address: 0x0000000091800000, size: 1768 MB, Compressed Oops mode: 32-bit

CDS archive(s) mapped at: [0x0000000800000000-0x0000000800bc0000-0x0000000800bc0000), size 12320768, SharedBaseAddress: 0x0000000800000000, ArchiveRelocationMode: 0.
Compressed class space mapped at: 0x0000000800c00000-0x0000000840c00000, reserved size: 1073741824
Narrow klass base: 0x0000000800000000, Narrow klass shift: 0, Narrow klass range: 0x100000000

GC Precious Log:
 CPUs: 8 total, 8 available
 Memory: 7068M
 Large Page Support: Disabled
 NUMA Support: Disabled
 Compressed Oops: Enabled (32-bit)
 Heap Region Size: 1M
 Heap Min Capacity: 8M
 Heap Initial Capacity: 112M
 Heap Max Capacity: 1768M
 Pre-touch: Disabled
 Parallel Workers: 8
 Concurrent Workers: 2
 Concurrent Refinement Workers: 8
 Periodic GC: Disabled

Heap:
 garbage-first heap   total 114688K, used 1024K [0x0000000091800000, 0x0000000100000000)
  region size 1024K, 2 young (2048K), 0 survivors (0K)
 Metaspace       used 465K, committed 640K, reserved 1056768K
  class space    used 27K, committed 128K, reserved 1048576K

Heap Regions: E=young(eden), S=young(survivor), O=old, HS=humongous(starts), HC=humongous(continues), CS=collection set, F=free, OA=open archive, CA=closed archive, TAMS=top-at-mark-start (previous, next)
|   0|0x0000000091800000, 0x0000000091800000, 0x0000000091900000|  0%| F|  |TAMS 0x0000000091800000, 0x0000000091800000| Untracked 
|   1|0x0000000091900000, 0x0000000091900000, 0x0000000091a00000|  0%| F|  |TAMS 0x0000000091900000, 0x0000000091900000| Untracked 
|   2|0x0000000091a00000, 0x0000000091a00000, 0x0000000091b00000|  0%| F|  |TAMS 0x0000000091a00000, 0x0000000091a00000| Untracked 
|   3|0x0000000091b00000, 0x0000000091b00000, 0x0000000091c00000|  0%| F|  |TAMS 0x0000000091b00000, 0x0000000091b00000| Untracked 
|   4|0x0000000091c00000, 0x0000000091c00000, 0x0000000091d00000|  0%| F|  |TAMS 0x0000000091c00000, 0x0000000091c00000| Untracked 
|   5|0x0000000091d00000, 0x0000000091d00000, 0x0000000091e00000|  0%| F|  |TAMS 0x0000000091d00000, 0x0000000091d00000| Untracked 
|   6|0x0000000091e00000, 0x0000000091e00000, 0x0000000091f00000|  0%| F|  |TAMS 0x0000000091e00000, 0x0000000091e00000| Untracked 
|   7|0x0000000091f00000, 0x0000000091f00000, 0x0000000092000000|  0%| F|  |TAMS 0x0000000091f00000, 0x0000000091f00000| Untracked 
|   8|0x0000000092000000, 0x0000000092000000, 0x0000000092100000|  0%| F|  |TAMS 0x0000000092000000, 0x0000000092000000| Untracked 
|   9|0x0000000092100000, 0x0000000092100000, 0x0000000092200000|  0%| F|  |TAMS 0x0000000092100000, 0x0000000092100000| Untracked 
|  10|0x0000000092200000, 0x0000000092200000, 0x0000000092300000|  0%| F|  |TAMS 0x0000000092200000, 0x0000000092200000| Untracked 
|  11|0x0000000092300000, 0x0000000092300000, 0x0000000092400000|  0%| F|  |TAMS 0x0000000092300000, 0x0000000092300000| Untracked 
|  12|0x0000000092400000, 0x0000000092400000, 0x0000000092500000|  0%| F|  |TAMS 0x0000000092400000, 0x0000000092400000| Untracked 
|  13|0x0000000092500000, 0x0000000092500000, 0x0000000092600000|  0%| F|  |TAMS 0x0000000092500000, 0x0000000092500000| Untracked 
|  14|0x0000000092600000, 0x0000000092600000, 0x0000000092700000|  0%| F|  |TAMS 0x0000000092600000, 0x0000000092600000| Untracked 
|  15|0x0000000092700000, 0x0000000092700000, 0x0000000092800000|  0%| F|  |TAMS 0x0000000092700000, 0x0000000092700000| Untracked 
|  16|0x0000000092800000, 0x0000000092800000, 0x0000000092900000|  0%| F|  |TAMS 0x0000000092800000, 0x0000000092800000| Untracked 
|  17|0x0000000092900000, 0x0000000092900000, 0x0000000092a00000|  0%| F|  |TAMS 0x0000000092900000, 0x0000000092900000| Untracked 
|  18|0x0000000092a00000, 0x0000000092a00000, 0x0000000092b00000|  0%| F|  |TAMS 0x0000000092a00000, 0x0000000092a00000| Untracked 
|  19|0x0000000092b00000, 0x0000000092b00000, 0x0000000092c00000|  0%| F|  |TAMS 0x0000000092b00000, 0x0000000092b00000| Untracked 
|  20|0x0000000092c00000, 0x0000000092c00000, 0x0000000092d00000|  0%| F|  |TAMS 0x0000000092c00000, 0x0000000092c00000| Untracked 
|  21|0x0000000092d00000, 0x0000000092d00000, 0x0000000092e00000|  0%| F|  |TAMS 0x0000000092d00000, 0x0000000092d00000| Untracked 
|  22|0x0000000092e00000, 0x0000000092e00000, 0x0000000092f00000|  0%| F|  |TAMS 0x0000000092e00000, 0x0000000092e00000| Untracked 
|  23|0x0000000092f00000, 0x0000000092f00000, 0x0000000093000000|  0%| F|  |TAMS 0x0000000092f00000, 0x0000000092f00000| Untracked 
|  24|0x0000000093000000, 0x0000000093000000, 0x0000000093100000|  0%| F|  |TAMS 0x0000000093000000, 0x0000000093000000| Untracked 
|  25|0x0000000093100000, 0x0000000093100000, 0x0000000093200000|  0%| F|  |TAMS 0x0000000093100000, 0x0000000093100000| Untracked 
|  26|0x0000000093200000, 0x0000000093200000, 0x0000000093300000|  0%| F|  |TAMS 0x0000000093200000, 0x0000000093200000| Untracked 
|  27|0x0000000093300000, 0x0000000093300000, 0x0000000093400000|  0%| F|  |TAMS 0x0000000093300000, 0x0000000093300000| Untracked 
|  28|0x0000000093400000, 0x0000000093400000, 0x0000000093500000|  0%| F|  |TAMS 0x0000000093400000, 0x0000000093400000| Untracked 
|  29|0x0000000093500000, 0x0000000093500000, 0x0000000093600000|  0%| F|  |TAMS 0x0000000093500000, 0x0000000093500000| Untracked 
|  30|0x0000000093600000, 0x0000000093600000, 0x0000000093700000|  0%| F|  |TAMS 0x0000000093600000, 0x0000000093600000| Untracked 
|  31|0x0000000093700000, 0x0000000093700000, 0x0000000093800000|  0%| F|  |TAMS 0x0000000093700000, 0x0000000093700000| Untracked 
|  32|0x0000000093800000, 0x0000000093800000, 0x0000000093900000|  0%| F|  |TAMS 0x0000000093800000, 0x0000000093800000| Untracked 
|  33|0x0000000093900000, 0x0000000093900000, 0x0000000093a00000|  0%| F|  |TAMS 0x0000000093900000, 0x0000000093900000| Untracked 
|  34|0x0000000093a00000, 0x0000000093a00000, 0x0000000093b00000|  0%| F|  |TAMS 0x0000000093a00000, 0x0000000093a00000| Untracked 
|  35|0x0000000093b00000, 0x0000000093b00000, 0x0000000093c00000|  0%| F|  |TAMS 0x0000000093b00000, 0x0000000093b00000| Untracked 
|  36|0x0000000093c00000, 0x0000000093c00000, 0x0000000093d00000|  0%| F|  |TAMS 0x0000000093c00000, 0x0000000093c00000| Untracked 
|  37|0x0000000093d00000, 0x0000000093d00000, 0x0000000093e00000|  0%| F|  |TAMS 0x0000000093d00000, 0x0000000093d00000| Untracked 
|  38|0x0000000093e00000, 0x0000000093e00000, 0x0000000093f00000|  0%| F|  |TAMS 0x0000000093e00000, 0x0000000093e00000| Untracked 
|  39|0x0000000093f00000, 0x0000000093f00000, 0x0000000094000000|  0%| F|  |TAMS 0x0000000093f00000, 0x0000000093f00000| Untracked 
|  40|0x0000000094000000, 0x0000000094000000, 0x0000000094100000|  0%| F|  |TAMS 0x0000000094000000, 0x0000000094000000| Untracked 
|  41|0x0000000094100000, 0x0000000094100000, 0x0000000094200000|  0%| F|  |TAMS 0x0000000094100000, 0x0000000094100000| Untracked 
|  42|0x0000000094200000, 0x0000000094200000, 0x0000000094300000|  0%| F|  |TAMS 0x0000000094200000, 0x0000000094200000| Untracked 
|  43|0x0000000094300000, 0x0000000094300000, 0x0000000094400000|  0%| F|  |TAMS 0x0000000094300000, 0x0000000094300000| Untracked 
|  44|0x0000000094400000, 0x0000000094400000, 0x0000000094500000|  0%| F|  |TAMS 0x0000000094400000, 0x0000000094400000| Untracked 
|  45|0x0000000094500000, 0x0000000094500000, 0x0000000094600000|  0%| F|  |TAMS 0x0000000094500000, 0x0000000094500000| Untracked 
|  46|0x0000000094600000, 0x0000000094600000, 0x0000000094700000|  0%| F|  |TAMS 0x0000000094600000, 0x0000000094600000| Untracked 
|  47|0x0000000094700000, 0x0000000094700000, 0x0000000094800000|  0%| F|  |TAMS 0x0000000094700000, 0x0000000094700000| Untracked 
|  48|0x0000000094800000, 0x0000000094800000, 0x0000000094900000|  0%| F|  |TAMS 0x0000000094800000, 0x0000000094800000| Untracked 
|  49|0x0000000094900000, 0x0000000094900000, 0x0000000094a00000|  0%| F|  |TAMS 0x0000000094900000, 0x0000000094900000| Untracked 
|  50|0x0000000094a00000, 0x0000000094a00000, 0x0000000094b00000|  0%| F|  |TAMS 0x0000000094a00000, 0x0000000094a00000| Untracked 
|  51|0x0000000094b00000, 0x0000000094b00000, 0x0000000094c00000|  0%| F|  |TAMS 0x0000000094b00000, 0x0000000094b00000| Untracked 
|  52|0x0000000094c00000, 0x0000000094c00000, 0x0000000094d00000|  0%| F|  |TAMS 0x0000000094c00000, 0x0000000094c00000| Untracked 
|  53|0x0000000094d00000, 0x0000000094d00000, 0x0000000094e00000|  0%| F|  |TAMS 0x0000000094d00000, 0x0000000094d00000| Untracked 
|  54|0x0000000094e00000, 0x0000000094e00000, 0x0000000094f00000|  0%| F|  |TAMS 0x0000000094e00000, 0x0000000094e00000| Untracked 
|  55|0x0000000094f00000, 0x0000000094f00000, 0x0000000095000000|  0%| F|  |TAMS 0x0000000094f00000, 0x0000000094f00000| Untracked 
|  56|0x0000000095000000, 0x0000000095000000, 0x0000000095100000|  0%| F|  |TAMS 0x0000000095000000, 0x0000000095000000| Untracked 
|  57|0x0000000095100000, 0x0000000095100000, 0x0000000095200000|  0%| F|  |TAMS 0x0000000095100000, 0x0000000095100000| Untracked 
|  58|0x0000000095200000, 0x0000000095200000, 0x0000000095300000|  0%| F|  |TAMS 0x0000000095200000, 0x0000000095200000| Untracked 
|  59|0x0000000095300000, 0x0000000095300000, 0x0000000095400000|  0%| F|  |TAMS 0x0000000095300000, 0x0000000095300000| Untracked 
|  60|0x0000000095400000, 0x0000000095400000, 0x0000000095500000|  0%| F|  |TAMS 0x0000000095400000, 0x0000000095400000| Untracked 
|  61|0x0000000095500000, 0x0000000095500000, 0x0000000095600000|  0%| F|  |TAMS 0x0000000095500000, 0x0000000095500000| Untracked 
|  62|0x0000000095600000, 0x0000000095600000, 0x0000000095700000|  0%| F|  |TAMS 0x0000000095600000, 0x0000000095600000| Untracked 
|  63|0x0000000095700000, 0x0000000095700000, 0x0000000095800000|  0%| F|  |TAMS 0x0000000095700000, 0x0000000095700000| Untracked 
|  64|0x0000000095800000, 0x0000000095800000, 0x0000000095900000|  0%| F|  |TAMS 0x0000000095800000, 0x0000000095800000| Untracked 
|  65|0x0000000095900000, 0x0000000095900000, 0x0000000095a00000|  0%| F|  |TAMS 0x0000000095900000, 0x0000000095900000| Untracked 
|  66|0x0000000095a00000, 0x0000000095a00000, 0x0000000095b00000|  0%| F|  |TAMS 0x0000000095a00000, 0x0000000095a00000| Untracked 
|  67|0x0000000095b00000, 0x0000000095b00000, 0x0000000095c00000|  0%| F|  |TAMS 0x0000000095b00000, 0x0000000095b00000| Untracked 
|  68|0x0000000095c00000, 0x0000000095c00000, 0x0000000095d00000|  0%| F|  |TAMS 0x0000000095c00000, 0x0000000095c00000| Untracked 
|  69|0x0000000095d00000, 0x0000000095d00000, 0x0000000095e00000|  0%| F|  |TAMS 0x0000000095d00000, 0x0000000095d00000| Untracked 
|  70|0x0000000095e00000, 0x0000000095e00000, 0x0000000095f00000|  0%| F|  |TAMS 0x0000000095e00000, 0x0000000095e00000| Untracked 
|  71|0x0000000095f00000, 0x0000000095f00000, 0x0000000096000000|  0%| F|  |TAMS 0x0000000095f00000, 0x0000000095f00000| Untracked 
|  72|0x0000000096000000, 0x0000000096000000, 0x0000000096100000|  0%| F|  |TAMS 0x0000000096000000, 0x0000000096000000| Untracked 
|  73|0x0000000096100000, 0x0000000096100000, 0x0000000096200000|  0%| F|  |TAMS 0x0000000096100000, 0x0000000096100000| Untracked 
|  74|0x0000000096200000, 0x0000000096200000, 0x0000000096300000|  0%| F|  |TAMS 0x0000000096200000, 0x0000000096200000| Untracked 
|  75|0x0000000096300000, 0x0000000096300000, 0x0000000096400000|  0%| F|  |TAMS 0x0000000096300000, 0x0000000096300000| Untracked 
|  76|0x0000000096400000, 0x0000000096400000, 0x0000000096500000|  0%| F|  |TAMS 0x0000000096400000, 0x0000000096400000| Untracked 
|  77|0x0000000096500000, 0x0000000096500000, 0x0000000096600000|  0%| F|  |TAMS 0x0000000096500000, 0x0000000096500000| Untracked 
|  78|0x0000000096600000, 0x0000000096600000, 0x0000000096700000|  0%| F|  |TAMS 0x0000000096600000, 0x0000000096600000| Untracked 
|  79|0x0000000096700000, 0x0000000096700000, 0x0000000096800000|  0%| F|  |TAMS 0x0000000096700000, 0x0000000096700000| Untracked 
|  80|0x0000000096800000, 0x0000000096800000, 0x0000000096900000|  0%| F|  |TAMS 0x0000000096800000, 0x0000000096800000| Untracked 
|  81|0x0000000096900000, 0x0000000096900000, 0x0000000096a00000|  0%| F|  |TAMS 0x0000000096900000, 0x0000000096900000| Untracked 
|  82|0x0000000096a00000, 0x0000000096a00000, 0x0000000096b00000|  0%| F|  |TAMS 0x0000000096a00000, 0x0000000096a00000| Untracked 
|  83|0x0000000096b00000, 0x0000000096b00000, 0x0000000096c00000|  0%| F|  |TAMS 0x0000000096b00000, 0x0000000096b00000| Untracked 
|  84|0x0000000096c00000, 0x0000000096c00000, 0x0000000096d00000|  0%| F|  |TAMS 0x0000000096c00000, 0x0000000096c00000| Untracked 
|  85|0x0000000096d00000, 0x0000000096d00000, 0x0000000096e00000|  0%| F|  |TAMS 0x0000000096d00000, 0x0000000096d00000| Untracked 
|  86|0x0000000096e00000, 0x0000000096e00000, 0x0000000096f00000|  0%| F|  |TAMS 0x0000000096e00000, 0x0000000096e00000| Untracked 
|  87|0x0000000096f00000, 0x0000000096f00000, 0x0000000097000000|  0%| F|  |TAMS 0x0000000096f00000, 0x0000000096f00000| Untracked 
|  88|0x0000000097000000, 0x0000000097000000, 0x0000000097100000|  0%| F|  |TAMS 0x0000000097000000, 0x0000000097000000| Untracked 
|  89|0x0000000097100000, 0x0000000097100000, 0x0000000097200000|  0%| F|  |TAMS 0x0000000097100000, 0x0000000097100000| Untracked 
|  90|0x0000000097200000, 0x0000000097200000, 0x0000000097300000|  0%| F|  |TAMS 0x0000000097200000, 0x0000000097200000| Untracked 
|  91|0x0000000097300000, 0x0000000097300000, 0x0000000097400000|  0%| F|  |TAMS 0x0000000097300000, 0x0000000097300000| Untracked 
|  92|0x0000000097400000, 0x0000000097400000, 0x0000000097500000|  0%| F|  |TAMS 0x0000000097400000, 0x0000000097400000| Untracked 
|  93|0x0000000097500000, 0x0000000097500000, 0x0000000097600000|  0%| F|  |TAMS 0x0000000097500000, 0x0000000097500000| Untracked 
|  94|0x0000000097600000, 0x0000000097600000, 0x0000000097700000|  0%| F|  |TAMS 0x0000000097600000, 0x0000000097600000| Untracked 
|  95|0x0000000097700000, 0x0000000097700000, 0x0000000097800000|  0%| F|  |TAMS 0x0000000097700000, 0x0000000097700000| Untracked 
|  96|0x0000000097800000, 0x0000000097800000, 0x0000000097900000|  0%| F|  |TAMS 0x0000000097800000, 0x0000000097800000| Untracked 
|  97|0x0000000097900000, 0x0000000097900000, 0x0000000097a00000|  0%| F|  |TAMS 0x0000000097900000, 0x0000000097900000| Untracked 
|  98|0x0000000097a00000, 0x0000000097a00000, 0x0000000097b00000|  0%| F|  |TAMS 0x0000000097a00000, 0x0000000097a00000| Untracked 
|  99|0x0000000097b00000, 0x0000000097b00000, 0x0000000097c00000|  0%| F|  |TAMS 0x0000000097b00000, 0x0000000097b00000| Untracked 
| 100|0x0000000097c00000, 0x0000000097c00000, 0x0000000097d00000|  0%| F|  |TAMS 0x0000000097c00000, 0x0000000097c00000| Untracked 
| 101|0x0000000097d00000, 0x0000000097d00000, 0x0000000097e00000|  0%| F|  |TAMS 0x0000000097d00000, 0x0000000097d00000| Untracked 
| 102|0x0000000097e00000, 0x0000000097e00000, 0x0000000097f00000|  0%| F|  |TAMS 0x0000000097e00000, 0x0000000097e00000| Untracked 
| 103|0x0000000097f00000, 0x0000000097f00000, 0x0000000098000000|  0%| F|  |TAMS 0x0000000097f00000, 0x0000000097f00000| Untracked 
| 104|0x0000000098000000, 0x0000000098000000, 0x0000000098100000|  0%| F|  |TAMS 0x0000000098000000, 0x0000000098000000| Untracked 
| 105|0x0000000098100000, 0x0000000098100000, 0x0000000098200000|  0%| F|  |TAMS 0x0000000098100000, 0x0000000098100000| Untracked 
| 106|0x0000000098200000, 0x0000000098200000, 0x0000000098300000|  0%| F|  |TAMS 0x0000000098200000, 0x0000000098200000| Untracked 
| 107|0x0000000098300000, 0x0000000098300000, 0x0000000098400000|  0%| F|  |TAMS 0x0000000098300000, 0x0000000098300000| Untracked 
| 108|0x0000000098400000, 0x0000000098400000, 0x0000000098500000|  0%| F|  |TAMS 0x0000000098400000, 0x0000000098400000| Untracked 
| 109|0x0000000098500000, 0x0000000098500000, 0x0000000098600000|  0%| F|  |TAMS 0x0000000098500000, 0x0000000098500000| Untracked 
| 110|0x0000000098600000, 0x0000000098700000, 0x0000000098700000|100%| E|  |TAMS 0x0000000098600000, 0x0000000098600000| Complete 
| 111|0x0000000098700000, 0x0000000098800000, 0x0000000098800000|100%| E|CS|TAMS 0x0000000098700000, 0x0000000098700000| Complete 

Card table byte_map: [0x000001661dc80000,0x000001661e000000] _byte_map_base: 0x000001661d7f4000

Marking Bits (Prev, Next): (CMBitMap*) 0x0000016604e6a980, (CMBitMap*) 0x0000016604e6a9c0
 Prev Bits: [0x000001661e380000, 0x000001661ff20000)
 Next Bits: [0x000001661ff20000, 0x0000016621ac0000)

Polling page: 0x0000016604f10000

Metaspace:

Usage:
  Non-class:    512.95 KB used.
      Class:     32.41 KB used.
       Both:    545.36 KB used.

Virtual space:
  Non-class space:        8.00 MB reserved,     576.00 KB (  7%) committed,  1 nodes.
      Class space:        1.00 GB reserved,     128.00 KB ( <1%) committed,  1 nodes.
             Both:        1.01 GB reserved,     704.00 KB ( <1%) committed. 

Chunk freelists:
   Non-Class:  3.98 MB
       Class:  3.74 MB
        Both:  7.73 MB

MaxMetaspaceSize: unlimited
CompressedClassSpaceSize: 1.00 GB
Initial GC threshold: 21.00 MB
Current GC threshold: 21.00 MB
CDS: on
MetaspaceReclaimPolicy: balanced
 - commit_granule_bytes: 65536.
 - commit_granule_words: 8192.
 - virtual_space_node_default_size: 1048576.
 - enlarge_chunks_in_place: 1.
 - new_chunks_are_fully_committed: 0.
 - uncommit_free_chunks: 1.
 - use_allocation_guard: 0.
 - handle_deallocations: 1.


Internal statistics:

num_allocs_failed_limit: 0.
num_arena_births: 8.
num_arena_deaths: 0.
num_vsnodes_births: 2.
num_vsnodes_deaths: 0.
num_space_committed: 12.
num_space_uncommitted: 0.
num_chunks_returned_to_freelist: 0.
num_chunks_taken_from_freelist: 12.
num_chunk_merges: 0.
num_chunk_splits: 6.
num_chunks_enlarged: 3.
num_purges: 0.
num_inconsistent_stats: 0.

CodeHeap 'non-profiled nmethods': size=120000Kb used=60Kb max_used=60Kb free=119939Kb
 bounds [0x0000016615970000, 0x0000016615be0000, 0x000001661cea0000]
CodeHeap 'profiled nmethods': size=120000Kb used=197Kb max_used=197Kb free=119802Kb
 bounds [0x000001660e440000, 0x000001660e6b0000, 0x0000016615970000]
CodeHeap 'non-nmethods': size=5760Kb used=1112Kb max_used=1112Kb free=4647Kb
 bounds [0x000001660dea0000, 0x000001660e110000, 0x000001660e440000]
 total_blobs=586 nmethods=195 adapters=304
 compilation: enabled
              stopped_count=0, restarted_count=0
 full_count=0

Compilation events (20 events):
Event: 0.099 Thread 0x0000016624515eb0 nmethod 142 0x000001660e464410 code [0x000001660e4645e0, 0x000001660e4649f8]
Event: 0.099 Thread 0x0000016624515eb0  144       3       java.util.ImmutableCollections$Set12::iterator (9 bytes)
Event: 0.099 Thread 0x0000016624515eb0 nmethod 144 0x000001660e464b90 code [0x000001660e464d40, 0x000001660e465038]
Event: 0.099 Thread 0x0000016624515eb0  145       3       java.util.ImmutableCollections$Set12$1::<init> (32 bytes)
Event: 0.100 Thread 0x0000016624515eb0 nmethod 145 0x000001660e465110 code [0x000001660e4652c0, 0x000001660e4654f8]
Event: 0.100 Thread 0x00000166245134f0 nmethod 126 0x000001661597b410 code [0x000001661597b580, 0x000001661597b758]
Event: 0.100 Thread 0x00000166245134f0  143       4       java.util.HashMap::putVal (300 bytes)
Event: 0.100 Thread 0x0000016624515eb0  147       3       java.util.HashMap::<init> (11 bytes)
Event: 0.101 Thread 0x0000016624515eb0 nmethod 147 0x000001660e465610 code [0x000001660e4657c0, 0x000001660e465998]
Event: 0.101 Thread 0x0000016624515eb0  148       1       java.lang.module.ResolvedModule::configuration (5 bytes)
Event: 0.101 Thread 0x0000016624515eb0 nmethod 148 0x000001661597b810 code [0x000001661597b9a0, 0x000001661597ba78]
Event: 0.101 Thread 0x0000016624515eb0  149       1       java.lang.module.ModuleDescriptor::isOpen (5 bytes)
Event: 0.101 Thread 0x0000016624515eb0 nmethod 149 0x000001661597bb10 code [0x000001661597bca0, 0x000001661597bd78]
Event: 0.101 Thread 0x0000016624515eb0  150       1       java.util.HashMap::size (5 bytes)
Event: 0.101 Thread 0x0000016624515eb0 nmethod 150 0x000001661597be10 code [0x000001661597bfa0, 0x000001661597c078]
Event: 0.102 Thread 0x0000016624515eb0  151       1       java.lang.module.ModuleDescriptor$Provides::service (5 bytes)
Event: 0.102 Thread 0x0000016624515eb0 nmethod 151 0x000001661597c110 code [0x000001661597c2a0, 0x000001661597c378]
Event: 0.106 Thread 0x0000016624515eb0  152       3       java.lang.StringLatin1::indexOfChar (33 bytes)
Event: 0.106 Thread 0x0000016624515eb0 nmethod 152 0x000001660e465a90 code [0x000001660e465c40, 0x000001660e465e78]
Event: 0.108 Thread 0x0000016624515eb0  153       3       java.lang.Class::getClassLoader (28 bytes)

GC Heap History (0 events):
No events

Deoptimization events (0 events):
No events

Classes unloaded (0 events):
No events

Classes redefined (0 events):
No events

Internal exceptions (0 events):
No events

VM Operations (2 events):
Event: 0.082 Executing VM operation: HandshakeAllThreads
Event: 0.083 Executing VM operation: HandshakeAllThreads done

Events (20 events):
Event: 0.040 loading class sun/nio/cs/UTF_8$Encoder
Event: 0.041 loading class sun/nio/cs/UTF_8$Encoder done
Event: 0.043 Thread 0x00000166244ffc70 Thread added: 0x00000166244ffc70
Event: 0.043 Thread 0x0000016624502640 Thread added: 0x0000016624502640
Event: 0.043 Thread 0x0000016624504f10 Thread added: 0x0000016624504f10
Event: 0.043 Thread 0x0000016624505fe0 Thread added: 0x0000016624505fe0
Event: 0.043 Thread 0x00000166245134f0 Thread added: 0x00000166245134f0
Event: 0.044 Thread 0x0000016624515eb0 Thread added: 0x0000016624515eb0
Event: 0.044 Thread 0x00000166245167b0 Thread added: 0x00000166245167b0
Event: 0.072 Thread 0x000001662504e170 Thread added: 0x000001662504e170
Event: 0.104 Loaded shared library C:\Program Files\Java\jdk-17.0.2\bin\zip.dll
Event: 0.106 loading class sun/instrument/InstrumentationImpl
Event: 0.106 loading class java/lang/instrument/Instrumentation
Event: 0.107 loading class java/lang/instrument/Instrumentation done
Event: 0.107 loading class sun/instrument/InstrumentationImpl done
Event: 0.108 Loaded shared library C:\Program Files\Java\jdk-17.0.2\bin\instrument.dll
Event: 0.108 loading class sun/instrument/TransformerManager
Event: 0.109 loading class sun/instrument/TransformerManager done
Event: 0.109 loading class sun/instrument/TransformerManager$TransformerInfo
Event: 0.109 loading class sun/instrument/TransformerManager$TransformerInfo done


Dynamic libraries:
0x00007ff741140000 - 0x00007ff741150000 	C:\Program Files\Java\jdk-17.0.2\bin\java.exe
0x00007ff983ef0000 - 0x00007ff9840e5000 	C:\Windows\SYSTEM32\ntdll.dll
0x00007ff983a90000 - 0x00007ff983b4d000 	C:\Windows\System32\KERNEL32.DLL
0x00007ff981710000 - 0x00007ff9819dd000 	C:\Windows\System32\KERNELBASE.dll
0x00007ff981e10000 - 0x00007ff981f10000 	C:\Windows\System32\ucrtbase.dll
0x00007ff97bdb0000 - 0x00007ff97bdca000 	C:\Program Files\Java\jdk-17.0.2\bin\VCRUNTIME140.dll
0x00007ff97c040000 - 0x00007ff97c058000 	C:\Program Files\Java\jdk-17.0.2\bin\jli.dll
0x00007ff982620000 - 0x00007ff9826ce000 	C:\Windows\System32\ADVAPI32.dll
0x00007ff983030000 - 0x00007ff9830ce000 	C:\Windows\System32\msvcrt.dll
0x00007ff983140000 - 0x00007ff9831dc000 	C:\Windows\System32\sechost.dll
0x00007ff9826d0000 - 0x00007ff9827f5000 	C:\Windows\System32\RPCRT4.dll
0x00007ff9832e0000 - 0x00007ff983480000 	C:\Windows\System32\USER32.dll
0x00007ff96fc90000 - 0x00007ff96ff2a000 	C:\Windows\WinSxS\amd64_microsoft.windows.common-controls_6595b64144ccf1df_6.0.19041.1110_none_60b5254171f9507e\COMCTL32.dll
0x00007ff981f10000 - 0x00007ff981f32000 	C:\Windows\System32\win32u.dll
0x00007ff983c30000 - 0x00007ff983c5a000 	C:\Windows\System32\GDI32.dll
0x00007ff981600000 - 0x00007ff98170b000 	C:\Windows\System32\gdi32full.dll
0x00007ff9819e0000 - 0x00007ff981a7d000 	C:\Windows\System32\msvcp_win.dll
0x00007ff976fe0000 - 0x00007ff976fea000 	C:\Windows\SYSTEM32\VERSION.dll
0x00007ff9831e0000 - 0x00007ff983210000 	C:\Windows\System32\IMM32.DLL
0x00007ff97ee20000 - 0x00007ff97ee2c000 	C:\Program Files\Java\jdk-17.0.2\bin\vcruntime140_1.dll
0x00007ff95b0b0000 - 0x00007ff95b13d000 	C:\Program Files\Java\jdk-17.0.2\bin\msvcp140.dll
0x00007ff934a00000 - 0x00007ff9355c1000 	C:\Program Files\Java\jdk-17.0.2\bin\server\jvm.dll
0x00007ff983020000 - 0x00007ff983028000 	C:\Windows\System32\PSAPI.DLL
0x00007ff976490000 - 0x00007ff9764b7000 	C:\Windows\SYSTEM32\WINMM.dll
0x00007ff97d050000 - 0x00007ff97d059000 	C:\Windows\SYSTEM32\WSOCK32.dll
0x00007ff9830d0000 - 0x00007ff98313b000 	C:\Windows\System32\WS2_32.dll
0x00007ff97f500000 - 0x00007ff97f512000 	C:\Windows\SYSTEM32\kernel.appcore.dll
0x00007ff97d1c0000 - 0x00007ff97d1ca000 	C:\Program Files\Java\jdk-17.0.2\bin\jimage.dll
0x00007ff979540000 - 0x00007ff979724000 	C:\Windows\SYSTEM32\DBGHELP.DLL
0x00007ff969250000 - 0x00007ff96927c000 	C:\Windows\SYSTEM32\dbgcore.DLL
0x00007ff981af0000 - 0x00007ff981b72000 	C:\Windows\System32\bcryptPrimitives.dll
0x00007ff97bb50000 - 0x00007ff97bb5e000 	C:\Program Files\Java\jdk-17.0.2\bin\instrument.dll
0x00007ff97a150000 - 0x00007ff97a175000 	C:\Program Files\Java\jdk-17.0.2\bin\java.dll
0x00007ff95afd0000 - 0x00007ff95b0a6000 	C:\Program Files\Java\jdk-17.0.2\bin\jsvml.dll
0x00007ff9828d0000 - 0x00007ff983014000 	C:\Windows\System32\SHELL32.dll
0x00007ff97f700000 - 0x00007ff97fe94000 	C:\Windows\SYSTEM32\windows.storage.dll
0x00007ff982180000 - 0x00007ff9824d4000 	C:\Windows\System32\combase.dll
0x00007ff980f90000 - 0x00007ff980fbc000 	C:\Windows\SYSTEM32\Wldp.dll
0x00007ff983210000 - 0x00007ff9832bd000 	C:\Windows\System32\SHCORE.dll
0x00007ff983e50000 - 0x00007ff983ea5000 	C:\Windows\System32\shlwapi.dll
0x00007ff981540000 - 0x00007ff98155f000 	C:\Windows\SYSTEM32\profapi.dll
0x00007ff976630000 - 0x00007ff976648000 	C:\Program Files\Java\jdk-17.0.2\bin\zip.dll
0x00007ff97b850000 - 0x00007ff97b869000 	C:\Program Files\Java\jdk-17.0.2\bin\net.dll
0x00007ff978a30000 - 0x00007ff978b3a000 	C:\Windows\SYSTEM32\WINHTTP.dll
0x00007ff980cf0000 - 0x00007ff980d5a000 	C:\Windows\system32\mswsock.dll
0x00007ff97a0f0000 - 0x00007ff97a106000 	C:\Program Files\Java\jdk-17.0.2\bin\nio.dll
0x00007ff95afb0000 - 0x00007ff95afca000 	C:\Program Files\JetBrains\IntelliJ IDEA Community Edition 2021.3.2\bin\breakgen64.dll

dbghelp: loaded successfully - version: 4.0.5 - missing functions: none
symbol engine: initialized successfully - sym options: 0x614 - pdb path: .;C:\Program Files\Java\jdk-17.0.2\bin;C:\Windows\SYSTEM32;C:\Windows\WinSxS\amd64_microsoft.windows.common-controls_6595b64144ccf1df_6.0.19041.1110_none_60b5254171f9507e;C:\Program Files\Java\jdk-17.0.2\bin\server;C:\Program Files\JetBrains\IntelliJ IDEA Community Edition 2021.3.2\bin

VM Arguments:
jvm_args: -javaagent:C:\Program Files\JetBrains\IntelliJ IDEA Community Edition 2021.3.2\lib\idea_rt.jar=13226:C:\Program Files\JetBrains\IntelliJ IDEA Community Edition 2021.3.2\bin -Dfile.encoding=UTF-8 
java_command: Practice
java_class_path (initial): C:\Users\KARMA\Desktop\Java Programs\GeekSterPractice\out\production\GeekSterPractice
Launcher Type: SUN_STANDARD

[Global flags]
     intx CICompilerCount                          = 4                                         {product} {ergonomic}
     uint ConcGCThreads                            = 2                                         {product} {ergonomic}
     uint G1ConcRefinementThreads                  = 8                                         {product} {ergonomic}
   size_t G1HeapRegionSize                         = 1048576                                   {product} {ergonomic}
    uintx GCDrainStackTargetSize                   = 64                                        {product} {ergonomic}
   size_t InitialHeapSize                          = 117440512                                 {product} {ergonomic}
   size_t MarkStackSize                            = 4194304                                   {product} {ergonomic}
   size_t MaxHeapSize                              = 1853882368                                {product} {ergonomic}
   size_t MaxNewSize                               = 1111490560                                {product} {ergonomic}
   size_t MinHeapDeltaBytes                        = 1048576                                   {product} {ergonomic}
   size_t MinHeapSize                              = 8388608                                   {product} {ergonomic}
    uintx NonNMethodCodeHeapSize                   = 5839372                                {pd product} {ergonomic}
    uintx NonProfiledCodeHeapSize                  = 122909434                              {pd product} {ergonomic}
    uintx ProfiledCodeHeapSize                     = 122909434                              {pd product} {ergonomic}
    uintx ReservedCodeCacheSize                    = 251658240                              {pd product} {ergonomic}
     bool SegmentedCodeCache                       = true                                      {product} {ergonomic}
   size_t SoftMaxHeapSize                          = 1853882368                             {manageable} {ergonomic}
     bool UseCompressedClassPointers               = true                           {product lp64_product} {ergonomic}
     bool UseCompressedOops                        = true                           {product lp64_product} {ergonomic}
     bool UseG1GC                                  = true                                      {product} {ergonomic}
     bool UseLargePagesIndividualAllocation        = false                                  {pd product} {ergonomic}

Logging:
Log output configuration:
 #0: stdout all=warning uptime,level,tags
 #1: stderr all=off uptime,level,tags

Environment Variables:
JAVA_HOME=C:\Program Files\Amazon Corretto\jdk11.0.15_9
PATH=C:\Program Files\Amazon Corretto\jdk11.0.15_9\bin;C:\Program Files\Common Files\Oracle\Java\javapath;C:\Windows\system32;C:\Windows;C:\Windows\System32\Wbem;C:\Windows\System32\WindowsPowerShell\v1.0\;C:\Windows\System32\OpenSSH\;C:\Program Files\dotnet\;C:\Program Files\Microsoft SQL Server\Client SDK\ODBC\110\Tools\Binn\;C:\Program Files (x86)\Microsoft SQL Server\120\Tools\Binn\;C:\Program Files\Microsoft SQL Server\120\Tools\Binn\;C:\Program Files\Microsoft SQL Server\120\DTS\Binn\;C:\Program Files (x86)\Microsoft SQL Server\120\Tools\Binn\ManagementStudio\;C:\Program Files (x86)\Microsoft SQL Server\120\DTS\Binn\;C:\Program Files\Git\cmd;C:\Users\KARMA\AppData\Local\Programs\Python\Python310\Scripts\;C:\Users\KARMA\AppData\Local\Programs\Python\Python310\;C:\Users\KARMA\AppData\Local\Microsoft\WindowsApps;C:\Users\KARMA\.dotnet\tools;C:\Users\KARMA\AppData\Local\atom\bin;C:\Users\KARMA\.dotnet\tools
USERNAME=KARMA
OS=Windows_NT
PROCESSOR_IDENTIFIER=AMD64 Family 23 Model 17 Stepping 0, AuthenticAMD



---------------  S Y S T E M  ---------------

OS:
 Windows 10 , 64 bit Build 19041 (10.0.19041.1706)
OS uptime: 1 days 9:01 hours

CPU: total 8 (initial active 8) (8 cores per cpu, 2 threads per core) family 23 model 17 stepping 0 microcode 0x0, cx8, cmov, fxsr, ht, mmx, 3dnowpref, sse, sse2, sse3, ssse3, sse4a, sse4.1, sse4.2, popcnt, lzcnt, tsc, tscinvbit, avx, avx2, aes, clmul, bmi1, bmi2, adx, sha, fma, vzeroupper, clflush, clflushopt

Memory: 4k page, system-wide physical 7068M (1205M free)
TotalPageFile size 11164M (AvailPageFile size 1M)
current process WorkingSet (physical memory assigned to process): 33M, peak: 33M
current process commit charge ("private bytes"): 194M, peak: 194M

vm_info: Java HotSpot(TM) 64-Bit Server VM (17.0.2+8-LTS-86) for windows-amd64 JRE (17.0.2+8-LTS-86), built on Dec  7 2021 21:51:03 by "mach5one" with MS VC++ 16.8 / 16.9 (VS2019)

END.
